#
# There is insufficient memory for the Java Runtime Environment to continue.
# Native memory allocation (malloc) failed to allocate 3013376 bytes for Chunk::new
# Possible reasons:
#   The system is out of physical RAM or swap space
#   In 32 bit mode, the process size limit was hit
# Possible solutions:
#   Reduce memory load on the system
#   Increase physical memory or swap space
#   Check if swap backing store is full
#   Use 64 bit Java on a 64 bit OS
#   Decrease Java heap size (-Xmx/-Xms)
#   Decrease number of Java threads
#   Decrease Java thread stack sizes (-Xss)
#   Set larger code cache with -XX:ReservedCodeCacheSize=
# This output file may be truncated or incomplete.
#
#  Out of Memory Error (allocation.cpp:390), pid=18144, tid=0x0000000000003704
#
# JRE version: Java(TM) SE Runtime Environment (8.0_181-b13) (build 1.8.0_181-b13)
# Java VM: Java HotSpot(TM) 64-Bit Server VM (25.181-b13 mixed mode windows-amd64 compressed oops)
# Failed to write core dump. Minidumps are not enabled by default on client versions of Windows
#

---------------  T H R E A D  ---------------

Current thread (0x0000000019bed800):  JavaThread "C2 CompilerThread0" daemon [_thread_in_native, id=14084, stack(0x000000001a4e0000,0x000000001a5e0000)]

Stack: [0x000000001a4e0000,0x000000001a5e0000]
[error occurred during error reporting (printing stack bounds), id 0xc0000005]

Native frames: (J=compiled Java code, j=interpreted, Vv=VM code, C=native code)


Current CompileTask:
C2:   2843 1664   !   4       java.net.URLClassLoader$1::run (63 bytes)


---------------  P R O C E S S  ---------------

Java Threads: ( => current thread )
  0x0000000019c7f000 JavaThread "Service Thread" daemon [_thread_blocked, id=18704, stack(0x000000001a8e0000,0x000000001a9e0000)]
  0x0000000019bf0000 JavaThread "C1 CompilerThread3" daemon [_thread_blocked, id=18508, stack(0x000000001a7e0000,0x000000001a8e0000)]
  0x0000000019be9800 JavaThread "C2 CompilerThread2" daemon [_thread_in_native, id=14112, stack(0x000000001a6e0000,0x000000001a7e0000)]
  0x0000000019be8800 JavaThread "C2 CompilerThread1" daemon [_thread_in_native, id=17824, stack(0x000000001a5e0000,0x000000001a6e0000)]
=>0x0000000019bed800 JavaThread "C2 CompilerThread0" daemon [_thread_in_native, id=14084, stack(0x000000001a4e0000,0x000000001a5e0000)]
  0x0000000019b88800 JavaThread "JDWP Command Reader" daemon [_thread_in_native, id=12584, stack(0x000000001a3e0000,0x000000001a4e0000)]
  0x0000000019b87800 JavaThread "JDWP Event Helper Thread" daemon [_thread_blocked, id=21824, stack(0x000000001a2e0000,0x000000001a3e0000)]
  0x0000000019b7c000 JavaThread "JDWP Transport Listener: dt_socket" daemon [_thread_blocked, id=19208, stack(0x000000001a1e0000,0x000000001a2e0000)]
  0x0000000019b18000 JavaThread "Attach Listener" daemon [_thread_blocked, id=10004, stack(0x000000001a0e0000,0x000000001a1e0000)]
  0x0000000019b16000 JavaThread "Signal Dispatcher" daemon [_thread_blocked, id=292, stack(0x0000000019fe0000,0x000000001a0e0000)]
  0x0000000019b00800 JavaThread "Finalizer" daemon [_thread_blocked, id=9820, stack(0x0000000019ee0000,0x0000000019fe0000)]
  0x0000000002c59000 JavaThread "Reference Handler" daemon [_thread_blocked, id=11400, stack(0x00000000199e0000,0x0000000019ae0000)]
  0x0000000002b62800 JavaThread "main" [_thread_in_native, id=18816, stack(0x0000000002920000,0x0000000002a20000)]

Other Threads:
  0x0000000017c07800 VMThread [stack: 0x00000000198e0000,0x00000000199e0000] [id=20320]
  0x0000000019c84000 WatcherThread [stack: 0x000000001a9e0000,0x000000001aae0000] [id=10192]

VM state:not at safepoint (normal execution)

VM Mutex/Monitor currently owned by a thread: None

Heap:
 PSYoungGen      total 38400K, used 27847K [0x00000000d5d00000, 0x00000000d8780000, 0x0000000100000000)
  eden space 33280K, 68% used [0x00000000d5d00000,0x00000000d7333da8,0x00000000d7d80000)
  from space 5120K, 99% used [0x00000000d7d80000,0x00000000d827e030,0x00000000d8280000)
  to   space 5120K, 0% used [0x00000000d8280000,0x00000000d8280000,0x00000000d8780000)
 ParOldGen       total 87552K, used 4313K [0x0000000081600000, 0x0000000086b80000, 0x00000000d5d00000)
  object space 87552K, 4% used [0x0000000081600000,0x0000000081a365b8,0x0000000086b80000)
 Metaspace       used 15945K, capacity 16180K, committed 16384K, reserved 1062912K
  class space    used 1920K, capacity 2008K, committed 2048K, reserved 1048576K

Card table byte_map: [0x0000000012020000,0x0000000012420000] byte_map_base: 0x0000000011c15000

Marking Bits: (ParMarkBitMap*) 0x000000006fc52d00
 Begin Bits: [0x0000000012ed0000, 0x0000000014e78000)
 End Bits:   [0x0000000014e78000, 0x0000000016e20000)

Polling page: 0x0000000000610000

CodeCache: size=245760Kb used=7976Kb max_used=7976Kb free=237783Kb
 bounds [0x0000000002c60000, 0x0000000003440000, 0x0000000011c60000]
 total_blobs=2600 nmethods=2239 adapters=280
 compilation: enabled

Compilation events (10 events):
Event: 2.813 Thread 0x0000000019bf0000 2242       3       java.util.Collections::unmodifiableList (27 bytes)
Event: 2.814 Thread 0x0000000019bf0000 nmethod 2242 0x000000000342ed90 code [0x000000000342ef80, 0x000000000342f7f8]
Event: 2.814 Thread 0x0000000019bf0000 2241       1       org.eclipse.aether.RepositoryEvent::getType (5 bytes)
Event: 2.814 Thread 0x0000000019bf0000 nmethod 2241 0x000000000342fcd0 code [0x000000000342fe20, 0x000000000342ff30]
Event: 2.819 Thread 0x0000000019bf0000 2243       3       java.io.FileInputStream::available (5 bytes)
Event: 2.819 Thread 0x0000000019bf0000 nmethod 2243 0x0000000003430310 code [0x0000000003430480, 0x0000000003430608]
Event: 2.836 Thread 0x0000000019bf0000 2245       3       org.eclipse.aether.artifact.AbstractArtifact::getProperty (24 bytes)
Event: 2.836 Thread 0x0000000019bf0000 nmethod 2245 0x0000000003430690 code [0x0000000003430820, 0x0000000003430c58]
Event: 2.836 Thread 0x0000000019bf0000 2246       1       org.apache.maven.repository.internal.DefaultVersionResolver$Key::hashCode (5 bytes)
Event: 2.836 Thread 0x0000000019bf0000 nmethod 2246 0x0000000003430d90 code [0x0000000003430ee0, 0x0000000003430ff0]

GC Heap History (6 events):
Event: 1.049 GC heap before
{Heap before GC invocations=1 (full 0):
 PSYoungGen      total 38400K, used 33280K [0x00000000d5d00000, 0x00000000d8780000, 0x0000000100000000)
  eden space 33280K, 100% used [0x00000000d5d00000,0x00000000d7d80000,0x00000000d7d80000)
  from space 5120K, 0% used [0x00000000d8280000,0x00000000d8280000,0x00000000d8780000)
  to   space 5120K, 0% used [0x00000000d7d80000,0x00000000d7d80000,0x00000000d8280000)
 ParOldGen       total 87552K, used 0K [0x0000000081600000, 0x0000000086b80000, 0x00000000d5d00000)
  object space 87552K, 0% used [0x0000000081600000,0x0000000081600000,0x0000000086b80000)
 Metaspace       used 8854K, capacity 9032K, committed 9088K, reserved 1056768K
  class space    used 1061K, capacity 1116K, committed 1152K, reserved 1048576K
Event: 1.055 GC heap after
Heap after GC invocations=1 (full 0):
 PSYoungGen      total 38400K, used 5117K [0x00000000d5d00000, 0x00000000d8780000, 0x0000000100000000)
  eden space 33280K, 0% used [0x00000000d5d00000,0x00000000d5d00000,0x00000000d7d80000)
  from space 5120K, 99% used [0x00000000d7d80000,0x00000000d827f678,0x00000000d8280000)
  to   space 5120K, 0% used [0x00000000d8280000,0x00000000d8280000,0x00000000d8780000)
 ParOldGen       total 87552K, used 320K [0x0000000081600000, 0x0000000086b80000, 0x00000000d5d00000)
  object space 87552K, 0% used [0x0000000081600000,0x0000000081650328,0x0000000086b80000)
 Metaspace       used 8854K, capacity 9032K, committed 9088K, reserved 1056768K
  class space    used 1061K, capacity 1116K, committed 1152K, reserved 1048576K
}
Event: 1.450 GC heap before
{Heap before GC invocations=2 (full 0):
 PSYoungGen      total 38400K, used 38397K [0x00000000d5d00000, 0x00000000d8780000, 0x0000000100000000)
  eden space 33280K, 100% used [0x00000000d5d00000,0x00000000d7d80000,0x00000000d7d80000)
  from space 5120K, 99% used [0x00000000d7d80000,0x00000000d827f678,0x00000000d8280000)
  to   space 5120K, 0% used [0x00000000d8280000,0x00000000d8280000,0x00000000d8780000)
 ParOldGen       total 87552K, used 320K [0x0000000081600000, 0x0000000086b80000, 0x00000000d5d00000)
  object space 87552K, 0% used [0x0000000081600000,0x0000000081650328,0x0000000086b80000)
 Metaspace       used 11901K, capacity 12106K, committed 12416K, reserved 1060864K
  class space    used 1447K, capacity 1543K, committed 1664K, reserved 1048576K
Event: 1.454 GC heap after
Heap after GC invocations=2 (full 0):
 PSYoungGen      total 38400K, used 5109K [0x00000000d5d00000, 0x00000000d8780000, 0x0000000100000000)
  eden space 33280K, 0% used [0x00000000d5d00000,0x00000000d5d00000,0x00000000d7d80000)
  from space 5120K, 99% used [0x00000000d8280000,0x00000000d877d420,0x00000000d8780000)
  to   space 5120K, 0% used [0x00000000d7d80000,0x00000000d7d80000,0x00000000d8280000)
 ParOldGen       total 87552K, used 1727K [0x0000000081600000, 0x0000000086b80000, 0x00000000d5d00000)
  object space 87552K, 1% used [0x0000000081600000,0x00000000817afc00,0x0000000086b80000)
 Metaspace       used 11901K, capacity 12106K, committed 12416K, reserved 1060864K
  class space    used 1447K, capacity 1543K, committed 1664K, reserved 1048576K
}
Event: 2.087 GC heap before
{Heap before GC invocations=3 (full 0):
 PSYoungGen      total 38400K, used 38389K [0x00000000d5d00000, 0x00000000d8780000, 0x0000000100000000)
  eden space 33280K, 100% used [0x00000000d5d00000,0x00000000d7d80000,0x00000000d7d80000)
  from space 5120K, 99% used [0x00000000d8280000,0x00000000d877d420,0x00000000d8780000)
  to   space 5120K, 0% used [0x00000000d7d80000,0x00000000d7d80000,0x00000000d8280000)
 ParOldGen       total 87552K, used 1727K [0x0000000081600000, 0x0000000086b80000, 0x00000000d5d00000)
  object space 87552K, 1% used [0x0000000081600000,0x00000000817afc00,0x0000000086b80000)
 Metaspace       used 15555K, capacity 15798K, committed 16128K, reserved 1062912K
  class space    used 1891K, capacity 1971K, committed 2048K, reserved 1048576K
Event: 2.095 GC heap after
Heap after GC invocations=3 (full 0):
 PSYoungGen      total 38400K, used 5112K [0x00000000d5d00000, 0x00000000d8780000, 0x0000000100000000)
  eden space 33280K, 0% used [0x00000000d5d00000,0x00000000d5d00000,0x00000000d7d80000)
  from space 5120K, 99% used [0x00000000d7d80000,0x00000000d827e030,0x00000000d8280000)
  to   space 5120K, 0% used [0x00000000d8280000,0x00000000d8280000,0x00000000d8780000)
 ParOldGen       total 87552K, used 4313K [0x0000000081600000, 0x0000000086b80000, 0x00000000d5d00000)
  object space 87552K, 4% used [0x0000000081600000,0x0000000081a365b8,0x0000000086b80000)
 Metaspace       used 15555K, capacity 15798K, committed 16128K, reserved 1062912K
  class space    used 1891K, capacity 1971K, committed 2048K, reserved 1048576K
}

Deoptimization events (10 events):
Event: 2.002 Thread 0x0000000002b62800 Uncommon trap: reason=unstable_if action=reinterpret pc=0x00000000031f9444 method=org.codehaus.plexus.util.xml.pull.MXParser.isS(C)Z @ 21
Event: 2.047 Thread 0x0000000002b62800 Uncommon trap: reason=unstable_if action=reinterpret pc=0x000000000329b118 method=org.codehaus.plexus.util.xml.pull.MXParser.nextImpl()I @ 555
Event: 2.108 Thread 0x0000000002b62800 Uncommon trap: reason=unstable_if action=reinterpret pc=0x00000000032d04c4 method=org.codehaus.plexus.util.xml.pull.MXParser.nextImpl()I @ 972
Event: 2.144 Thread 0x0000000002b62800 Uncommon trap: reason=unstable_if action=reinterpret pc=0x00000000030676e8 method=java.util.HashMap.hash(Ljava/lang/Object;)I @ 1
Event: 2.145 Thread 0x0000000002b62800 Uncommon trap: reason=unstable_if action=reinterpret pc=0x000000000304e3ec method=java.util.HashMap.hash(Ljava/lang/Object;)I @ 1
Event: 2.169 Thread 0x0000000002b62800 Uncommon trap: reason=null_check action=make_not_entrant pc=0x000000000332b230 method=org.apache.maven.model.io.xpp3.MavenXpp3Reader.checkFieldWithDuplicate(Lorg/codehaus/plexus/util/xml/pull/XmlPullParser;Ljava/lang/String;Ljava/lang/String;Ljava/util/Se
Event: 2.194 Thread 0x0000000002b62800 Uncommon trap: reason=unstable_if action=reinterpret pc=0x00000000032f4a28 method=java.util.HashMap.hash(Ljava/lang/Object;)I @ 1
Event: 2.194 Thread 0x0000000002b62800 Uncommon trap: reason=unstable_if action=reinterpret pc=0x0000000003043b0c method=java.util.HashMap.hash(Ljava/lang/Object;)I @ 1
Event: 2.383 Thread 0x0000000002b62800 Uncommon trap: reason=unstable_if action=reinterpret pc=0x000000000307d288 method=java.lang.String.regionMatches(ZILjava/lang/String;II)Z @ 25
Event: 2.540 Thread 0x0000000002b62800 Uncommon trap: reason=predicate action=maybe_recompile pc=0x0000000002f60788 method=java.nio.charset.CharsetDecoder.decode(Ljava/nio/ByteBuffer;Ljava/nio/CharBuffer;Z)Ljava/nio/charset/CoderResult; @ 54

Classes redefined (0 events):
No events

Internal exceptions (10 events):
Event: 1.818 Thread 0x0000000002b62800 Exception <a 'java/lang/NullPointerException'> (0x00000000d72fe118) thrown at [C:\re\workspace\8-2-build-windows-amd64-cygwin\jdk8u181\11358\hotspot\src\share\vm\interpreter\linkResolver.cpp, line 1185]
Event: 1.818 Thread 0x0000000002b62800 Exception <a 'java/lang/NullPointerException'> (0x00000000d72fe330) thrown at [C:\re\workspace\8-2-build-windows-amd64-cygwin\jdk8u181\11358\hotspot\src\share\vm\interpreter\linkResolver.cpp, line 1185]
Event: 1.818 Thread 0x0000000002b62800 Exception <a 'java/lang/NullPointerException'> (0x00000000d72fe548) thrown at [C:\re\workspace\8-2-build-windows-amd64-cygwin\jdk8u181\11358\hotspot\src\share\vm\interpreter\linkResolver.cpp, line 1185]
Event: 1.855 Thread 0x0000000002b62800 Implicit null exception at 0x0000000002e9da99 to 0x0000000002e9df81
Event: 1.855 Thread 0x0000000002b62800 Implicit null exception at 0x0000000002e76716 to 0x0000000002e76bbd
Event: 2.144 Thread 0x0000000002b62800 Implicit null exception at 0x0000000003067454 to 0x00000000030676d1
Event: 2.145 Thread 0x0000000002b62800 Implicit null exception at 0x000000000304e36f to 0x000000000304e3dd
Event: 2.169 Thread 0x0000000002b62800 Implicit null exception at 0x000000000332ae1f to 0x000000000332b221
Event: 2.194 Thread 0x0000000002b62800 Implicit null exception at 0x00000000032f3dbb to 0x00000000032f4a09
Event: 2.194 Thread 0x0000000002b62800 Implicit null exception at 0x000000000304349b to 0x0000000003043af1

Events (10 events):
Event: 2.410 Thread 0x0000000002b62800 DEOPT UNPACKING pc=0x0000000002ca7890 sp=0x0000000002a1bc08 mode 1
Event: 2.539 loading class sun/nio/cs/ISO_8859_1$Decoder
Event: 2.540 loading class sun/nio/cs/ISO_8859_1$Decoder done
Event: 2.540 Thread 0x0000000002b62800 Uncommon trap: trap_request=0xffffff86 fr.pc=0x0000000002f60788
Event: 2.540 Thread 0x0000000002b62800 DEOPT PACKING pc=0x0000000002f60788 sp=0x0000000002a1bb10
Event: 2.540 Thread 0x0000000002b62800 DEOPT UNPACKING pc=0x0000000002ca583b sp=0x0000000002a1bac8 mode 2
Event: 2.541 Executing VM operation: ForceSafepoint
Event: 2.541 Executing VM operation: ForceSafepoint done
Event: 2.581 Thread 0x0000000002b62800 DEOPT PACKING pc=0x0000000003283ecd sp=0x0000000002a1c910
Event: 2.581 Thread 0x0000000002b62800 DEOPT UNPACKING pc=0x0000000002ca7890 sp=0x0000000002a1c6b8 mode 0


Dynamic libraries:
0x00007ff6e65d0000 - 0x00007ff6e6607000 	D:\ProgramFiles\Java\jdk1.8.0_181\bin\java.exe
0x00007ffcd5af0000 - 0x00007ffcd5cd1000 	C:\Windows\SYSTEM32\ntdll.dll
0x00007ffcd56a0000 - 0x00007ffcd5752000 	C:\Windows\System32\KERNEL32.DLL
0x00007ffcd2d00000 - 0x00007ffcd2f73000 	C:\Windows\System32\KERNELBASE.dll
0x00007ffcd3660000 - 0x00007ffcd3701000 	C:\Windows\System32\ADVAPI32.dll
0x00007ffcd5080000 - 0x00007ffcd511e000 	C:\Windows\System32\msvcrt.dll
0x00007ffcd4d20000 - 0x00007ffcd4d7b000 	C:\Windows\System32\sechost.dll
0x00007ffcd3710000 - 0x00007ffcd3834000 	C:\Windows\System32\RPCRT4.dll
0x00007ffcd34d0000 - 0x00007ffcd3660000 	C:\Windows\System32\USER32.dll
0x00007ffcd1ec0000 - 0x00007ffcd1ee0000 	C:\Windows\System32\win32u.dll
0x00007ffcd4d80000 - 0x00007ffcd4da8000 	C:\Windows\System32\GDI32.dll
0x00007ffcd25f0000 - 0x00007ffcd2782000 	C:\Windows\System32\gdi32full.dll
0x00007ffcd2890000 - 0x00007ffcd292f000 	C:\Windows\System32\msvcp_win.dll
0x00007ffcd2c00000 - 0x00007ffcd2cfa000 	C:\Windows\System32\ucrtbase.dll
0x00007ffcc6510000 - 0x00007ffcc6779000 	C:\Windows\WinSxS\amd64_microsoft.windows.common-controls_6595b64144ccf1df_6.0.17134.345_none_fb429a5930656358\COMCTL32.dll
0x00007ffcd30e0000 - 0x00007ffcd3403000 	C:\Windows\System32\combase.dll
0x00007ffcd2b80000 - 0x00007ffcd2bfa000 	C:\Windows\System32\bcryptPrimitives.dll
0x00007ffcd5570000 - 0x00007ffcd559d000 	C:\Windows\System32\IMM32.DLL
0x000000006fce0000 - 0x000000006fdb2000 	D:\ProgramFiles\Java\jdk1.8.0_181\jre\bin\msvcr100.dll
0x000000006f430000 - 0x000000006fcd2000 	D:\ProgramFiles\Java\jdk1.8.0_181\jre\bin\server\jvm.dll
0x00007ffcd38c0000 - 0x00007ffcd38c8000 	C:\Windows\System32\PSAPI.DLL
0x00007ffcc67f0000 - 0x00007ffcc67f9000 	C:\Windows\SYSTEM32\WSOCK32.dll
0x00007ffcc8720000 - 0x00007ffcc872a000 	C:\Windows\SYSTEM32\VERSION.dll
0x00007ffcc3db0000 - 0x00007ffcc3dd3000 	C:\Windows\SYSTEM32\WINMM.dll
0x00007ffcc3d80000 - 0x00007ffcc3daa000 	C:\Windows\SYSTEM32\winmmbase.dll
0x00007ffcd4db0000 - 0x00007ffcd4e1c000 	C:\Windows\System32\WS2_32.dll
0x00007ffcd2840000 - 0x00007ffcd2889000 	C:\Windows\System32\cfgmgr32.dll
0x000000006f420000 - 0x000000006f42f000 	D:\ProgramFiles\Java\jdk1.8.0_181\jre\bin\verify.dll
0x000000006f3f0000 - 0x000000006f419000 	D:\ProgramFiles\Java\jdk1.8.0_181\jre\bin\java.dll
0x000000006f220000 - 0x000000006f255000 	D:\ProgramFiles\Java\jdk1.8.0_181\jre\bin\jdwp.dll
0x000000006f210000 - 0x000000006f218000 	D:\ProgramFiles\Java\jdk1.8.0_181\jre\bin\npt.dll
0x000000006f1e0000 - 0x000000006f203000 	D:\ProgramFiles\Java\jdk1.8.0_181\jre\bin\instrument.dll
0x000000006f3d0000 - 0x000000006f3e6000 	D:\ProgramFiles\Java\jdk1.8.0_181\jre\bin\zip.dll
0x00007ffcd38d0000 - 0x00007ffcd4d0f000 	C:\Windows\System32\SHELL32.dll
0x00007ffcd5a10000 - 0x00007ffcd5ab9000 	C:\Windows\System32\shcore.dll
0x00007ffcd1ee0000 - 0x00007ffcd25ed000 	C:\Windows\System32\windows.storage.dll
0x00007ffcd5760000 - 0x00007ffcd57b1000 	C:\Windows\System32\shlwapi.dll
0x00007ffcd1e80000 - 0x00007ffcd1e91000 	C:\Windows\System32\kernel.appcore.dll
0x00007ffcd1e60000 - 0x00007ffcd1e7f000 	C:\Windows\System32\profapi.dll
0x00007ffcd1e10000 - 0x00007ffcd1e5c000 	C:\Windows\System32\powrprof.dll
0x00007ffcd1e00000 - 0x00007ffcd1e0a000 	C:\Windows\System32\FLTLIB.DLL
0x000000006f1d0000 - 0x000000006f1d9000 	D:\ProgramFiles\Java\jdk1.8.0_181\jre\bin\dt_socket.dll
0x00007ffcd1680000 - 0x00007ffcd16e6000 	C:\Windows\system32\mswsock.dll
0x00007ffcd1830000 - 0x00007ffcd1847000 	C:\Windows\SYSTEM32\CRYPTSP.dll
0x00007ffcd1260000 - 0x00007ffcd1293000 	C:\Windows\system32\rsaenh.dll
0x00007ffcd1960000 - 0x00007ffcd1985000 	C:\Windows\SYSTEM32\bcrypt.dll
0x00007ffcd1d00000 - 0x00007ffcd1d28000 	C:\Windows\SYSTEM32\USERENV.dll
0x00007ffcd1850000 - 0x00007ffcd185b000 	C:\Windows\SYSTEM32\CRYPTBASE.dll
0x000000006f2c0000 - 0x000000006f2da000 	D:\ProgramFiles\Java\jdk1.8.0_181\jre\bin\net.dll
0x00007ffcd1400000 - 0x00007ffcd1438000 	C:\Windows\SYSTEM32\IPHLPAPI.DLL
0x00007ffcd4d10000 - 0x00007ffcd4d18000 	C:\Windows\System32\NSI.dll
0x00007ffcccfd0000 - 0x00007ffcccfe6000 	C:\Windows\SYSTEM32\dhcpcsvc6.DLL
0x00007ffcccec0000 - 0x00007ffccceda000 	C:\Windows\SYSTEM32\dhcpcsvc.DLL
0x000000006f2a0000 - 0x000000006f2b1000 	D:\ProgramFiles\Java\jdk1.8.0_181\jre\bin\nio.dll
0x00007ffccbdc0000 - 0x00007ffccbdca000 	C:\Users\admin\AppData\Local\Temp\jansi-1.17.1-8353538353965230180.dll
0x00007ffccbc90000 - 0x00007ffccbc9a000 	C:\Users\admin\AppData\Local\Temp\jansi-1.17.1-1543405815467232662.dll

VM Arguments:
jvm_args: -agentlib:jdwp=transport=dt_socket,address=127.0.0.1:9283,suspend=y,server=n -Dmaven.multiModuleProjectDirectory=D:\ProgramFiles\workspace\pinyougou\pinyougou-search-web -Dmaven.home=D:\ProgramFiles\apache-maven-3.5.4 -Dclassworlds.conf=D:\ProgramFiles\apache-maven-3.5.4\bin\m2.conf -javaagent:C:\Users\admin\.IntelliJIdea2018.2\system\captureAgent\debugger-agent.jar=file:/C:/Users/admin/AppData/Local/Temp/capture.props -Dfile.encoding=UTF-8 
java_command: org.codehaus.classworlds.Launcher -Didea.version=2018.2.3 tomcat7:run
java_class_path (initial): D:\ProgramFiles\apache-maven-3.5.4\boot\plexus-classworlds-2.5.2.jar;D:\ProgramFiles\JetBrains\IntelliJ IDEA 2018.2.3\lib\idea_rt.jar;C:\Users\admin\.IntelliJIdea2018.2\system\captureAgent\debugger-agent.jar
Launcher Type: SUN_STANDARD

Environment Variables:
JAVA_HOME=D:\ProgramFiles\Java\jdk1.8.0_181
CLASSPATH=.;D:\ProgramFiles\Java\jdk1.8.0_181\lib;D:\ProgramFiles\Java\jdk1.8.0_181\lib\tools.jar
PATH=C:\Program Files (x86)\Common Files\Oracle\Java\javapath;C:\Windows\system32;C:\Windows;C:\Windows\System32\Wbem;C:\Windows\System32\WindowsPowerShell\v1.0\;C:\Windows\System32\OpenSSH\;D:\ProgramFiles\Java\jdk1.8.0_181\bin;D:\ProgramFiles\Git\cmd;D:\ProgramFiles\apache-maven-3.5.4\bin;D:\ProgramFiles\mysql-5.6.41-winx64\bin;C:\Users\admin\AppData\Local\Microsoft\WindowsApps;
USERNAME=admin
OS=Windows_NT
PROCESSOR_IDENTIFIER=Intel64 Family 6 Model 94 Stepping 3, GenuineIntel



---------------  S Y S T E M  ---------------

OS: Windows 10.0 , 64 bit Build 17134 (10.0.17134.1)

CPU:total 8 (initial active 8) (4 cores per cpu, 2 threads per core) family 6 model 94 stepping 3, cmov, cx8, fxsr, mmx, sse, sse2, sse3, ssse3, sse4.1, sse4.2, popcnt, avx, avx2, aes, clmul, erms, rtm, 3dnowpref, lzcnt, ht, tsc, tscinvbit, bmi1, bmi2, adx

Memory: 4k page, physical 8293352k(211608k free), swap 21466520k(5128k free)

vm_info: Java HotSpot(TM) 64-Bit Server VM (25.181-b13) for windows-amd64 JRE (1.8.0_181-b13), built on Jul  7 2018 04:01:33 by "java_re" with MS VC++ 10.0 (VS2010)

time: Tue Oct 23 17:36:15 2018
elapsed time: 2 seconds (0d 0h 0m 2s)

